<?xml version="1.0" encoding="UTF-8"?>
<!-- Generated by org.testng.reporters.JUnitReportReporter -->
<testsuite skipped="0" hostname="DESKTOP-74GDGI8" name="org.net.Client1" tests="2" failures="0" timestamp="02 Sep 2022 14:19:48 GMT" time="0.020" errors="0">
  <testcase name="tc1" time="0.018" classname="org.net.Client1"/>
  <testcase name="tc4" time="0.002" classname="org.net.Client1"/>
</testsuite> <!-- org.net.Client1 -->
