<?xml version="1.0" encoding="UTF-8"?>
<!-- Generated by org.testng.reporters.JUnitReportReporter -->
<testsuite skipped="0" hostname="DESKTOP-74GDGI8" name="org.net.Client" tests="3" failures="0" timestamp="02 Sep 2022 14:18:35 GMT" time="0.013" errors="0">
  <testcase name="tc7" time="0.002" classname="org.net.Client"/>
  <testcase name="tc6" time="0.003" classname="org.net.Client"/>
  <testcase name="tc5" time="0.008" classname="org.net.Client"/>
</testsuite> <!-- org.net.Client -->
