<?xml version="1.0" encoding="UTF-8"?>
<!-- Generated by org.testng.reporters.JUnitReportReporter -->
<testsuite skipped="0" hostname="DESKTOP-74GDGI8" name="org.net.SuryaParallel" tests="4" failures="0" timestamp="02 Sep 2022 14:20:51 GMT" time="0.034" errors="0">
  <testcase name="tc1" time="0.021" classname="org.net.SuryaParallel"/>
  <testcase name="tc2" time="0.004" classname="org.net.SuryaParallel"/>
  <testcase name="tc3" time="0.004" classname="org.net.SuryaParallel"/>
  <testcase name="tc4" time="0.005" classname="org.net.SuryaParallel"/>
</testsuite> <!-- org.net.SuryaParallel -->
