<?xml version="1.0" encoding="UTF-8"?>
<!-- Generated by org.testng.reporters.JUnitReportReporter -->
<testsuite skipped="0" hostname="DESKTOP-74GDGI8" name="org.net.SuryaParallel1" tests="4" failures="0" timestamp="02 Sep 2022 14:20:51 GMT" time="0.032" errors="0">
  <testcase name="tc11" time="0.021" classname="org.net.SuryaParallel1"/>
  <testcase name="tc44" time="0.004" classname="org.net.SuryaParallel1"/>
  <testcase name="tc33" time="0.004" classname="org.net.SuryaParallel1"/>
  <testcase name="tc22" time="0.003" classname="org.net.SuryaParallel1"/>
</testsuite> <!-- org.net.SuryaParallel1 -->
