<?xml version="1.0" encoding="UTF-8"?>
<!-- Generated by org.testng.reporters.JUnitReportReporter -->
<testsuite skipped="1" hostname="DESKTOP-74GDGI8" name="org.net.Priority" tests="5" failures="0" timestamp="01 Sep 2022 18:47:41 GMT" time="77.997" errors="0">
  <testcase name="tc1" time="20.967" classname="org.net.Priority"/>
  <testcase name="tc1" time="17.943" classname="org.net.Priority"/>
  <testcase name="tc3" time="22.925" classname="org.net.Priority"/>
  <testcase name="tc4" time="16.162" classname="org.net.Priority"/>
  <testcase name="tc2" classname="org.net.Priority">
    <skipped/>
  </testcase> <!-- tc2 -->
</testsuite> <!-- org.net.Priority -->
