<?xml version="1.0" encoding="UTF-8"?>
<!-- Generated by org.testng.reporters.JUnitReportReporter -->
<testsuite skipped="0" hostname="DESKTOP-74GDGI8" name="org.net.TestClass" tests="4" failures="0" timestamp="03 Sep 2022 09:40:09 GMT" time="95.120" errors="0">
  <testcase name="tc3" time="20.962" classname="org.net.TestClass"/>
  <testcase name="tc3" time="21.677" classname="org.net.TestClass"/>
  <testcase name="tc3" time="31.918" classname="org.net.TestClass"/>
  <testcase name="tc3" time="20.563" classname="org.net.TestClass"/>
</testsuite> <!-- org.net.TestClass -->
